-------------------------------------------------------------------------------
Test set: TestSuite
-------------------------------------------------------------------------------
Tests run: 2, Failures: 1, Errors: 0, Skipped: 0, Time elapsed: 25.675 s <<< FAILURE! - in TestSuite
doLogin(com.syntax.testcases.LoginPageTest)  Time elapsed: 3.282 s  <<< FAILURE!
java.lang.AssertionError: expected [true] but found [false]
	at com.syntax.testcases.LoginPageTest.doLogin(LoginPageTest.java:48)

